
> boosis-bot@1.0.0 start
> node src/live/LiveTrader.js

[dotenv@17.3.1] injecting env (14) from .env -- tip: ⚙️  suppress all logs with { quiet: true }
[3:42:47 PM] [INFO] ✅ Sistema de notificaciones activado
[3:42:47 PM] [INFO] Initializing Boosis Live Trader [Mode: PAPER] [Symbol: BTCUSDT]
[3:42:47 PM] [INFO] Starting Boosis Quant Bot (Multi-Asset Engine)...
[3:42:47 PM] [INFO] [DB] Esquema actualizado para Phase 8
[3:42:47 PM] [WARN] [Binance] ⚠️  No hay credenciales en DB. Usando .env (Fallback)
[3:42:47 PM] [INFO] [Startup] Loading 3 active pairs from DB...
[3:42:47 PM] [INFO] [BTCUSDT] Pair Manager Initialized (200 candles, Position: false)
[3:42:47 PM] [INFO] [WS] ➕ Símbolo agregado: BTCUSDT (Total: 1)
[3:42:47 PM] [INFO] [LiveTrader] ✅ Pair Activated: BTCUSDT (BoosisTrend)
[3:42:47 PM] [INFO] [ETHUSDT] Pair Manager Initialized (200 candles, Position: false)
[3:42:47 PM] [INFO] [WS] ➕ Símbolo agregado: ETHUSDT (Total: 2)
[3:42:47 PM] [INFO] [LiveTrader] ✅ Pair Activated: ETHUSDT (Momentum)
[3:42:47 PM] [INFO] [XRPUSDT] Pair Manager Initialized (200 candles, Position: false)
[3:42:47 PM] [INFO] [WS] ➕ Símbolo agregado: XRPUSDT (Total: 3)
[3:42:47 PM] [INFO] [LiveTrader] ✅ Pair Activated: XRPUSDT (MeanReversion)
[3:42:47 PM] [DEBUG] [WS] URL generada: wss://stream.binance.com:9443/stream?streams=btcusdt@kline_5m/ethusdt@kline_5m/xrpusdt@kline_5m
[3:42:47 PM] [INFO] [WS] 🔌 Conectando a 3 símbolo(s)...
[3:42:47 PM] [SUCCESS] BOT STARTED | Mode: PAPER (📝 SIMULATION) | Active Pairs: 3
[3:42:47 PM] [SUCCESS] API listening on port 3000
[3:42:48 PM] [SUCCESS] [WS] ✅ Conectado. Escuchando: BTCUSDT, ETHUSDT, XRPUSDT
